<?xml version="1.0" encoding="UTF-8"?>
<Site BuildName="Generic-make.exe"
	BuildStamp="20240417-0039-Experimental"
	Name="Digital-19"
	Generator="ctest-3.29.2"
	CompilerName="D:/avr_tools/avr_gcc_8bit/bin/avr-g++.exe"
	CompilerVersion=""
	OSName="Windows"
	Hostname="Digital-19"
	OSRelease=" Professional"
	OSVersion=" (Build 22631)"
	OSPlatform="AMD64"
	Is64Bits="1"
	VendorString="GenuineIntel"
	VendorID="Intel Corporation"
	FamilyID="6"
	ModelID="15"
	ProcessorCacheSize="-1"
	NumberOfLogicalCPU="16"
	NumberOfPhysicalCPU="10"
	TotalVirtualMemory="32509"
	TotalPhysicalMemory="16125"
	LogicalProcessorsPerPhysical="1"
	ProcessorClockFrequency="2496"
	>
	<Testing>
		<StartDateTime>Apr 17 09:47 [NON-UTF-8-BYTE-0xB4][NON-UTF-8-BYTE-0xEB][NON-UTF-8-BYTE-0xC7]ѹα[NON-UTF-8-BYTE-0xB9] ǥ[NON-UTF-8-BYTE-0xC1]ؽ[NON-UTF-8-BYTE-0xC3]</StartDateTime>
		<StartTestTime>1713314850</StartTestTime>
		<TestList/>
		<EndDateTime>Apr 17 09:47 [NON-UTF-8-BYTE-0xB4][NON-UTF-8-BYTE-0xEB][NON-UTF-8-BYTE-0xC7]ѹα[NON-UTF-8-BYTE-0xB9] ǥ[NON-UTF-8-BYTE-0xC1]ؽ[NON-UTF-8-BYTE-0xC3]</EndDateTime>
		<EndTestTime>1713314850</EndTestTime>
		<ElapsedMinutes>0</ElapsedMinutes>
	</Testing>
</Site>
